build/features/setting/outputs/logs/manifest-merger-debug-report.txt
-- Merging decision tree log ---
manifest
ADDED from src\main\AndroidManifest.xml:2:1-21:12
INJECTED from src\main\AndroidManifest.xml:2:1-21:12
INJECTED from src\main\AndroidManifest.xml:2:1-21:12
INJECTED from src\main\AndroidManifest.xml:2:1-21:12
INJECTED from src\main\AndroidManifest.xml:2:1-21:12
INJECTED from src\main\AndroidManifest.xml:2:1-21:12
INJECTED from src\main\AndroidManifest.xml:2:1-21:12
	package
		INJECTED from src\main\AndroidManifest.xml
		ADDED from src\main\AndroidManifest.xml:2:1-21:12
		INJECTED from src\main\AndroidManifest.xml
	android:versionName
		INJECTED from src\main\AndroidManifest.xml
		ADDED from src\main\AndroidManifest.xml:2:1-21:12
		INJECTED from src\main\AndroidManifest.xml
	xmlns:dist
		ADDED from src\main\AndroidManifest.xml:3:5-61
	android:versionCode
		INJECTED from src\main\AndroidManifest.xml
		ADDED from src\main\AndroidManifest.xml:2:1-21:12
		INJECTED from src\main\AndroidManifest.xml
	xmlns:android
		ADDED from src\main\AndroidManifest.xml:2:11-69
dist:module
ADDED from src\main\AndroidManifest.xml:5:5-13:19
	dist:instant
		ADDED from src\main\AndroidManifest.xml:6:9-29
	dist:title
		ADDED from src\main\AndroidManifest.xml:7:9-43
dist:delivery
ADDED from src\main\AndroidManifest.xml:8:9-10:25
dist:install-time
ADDED from src\main\AndroidManifest.xml:9:13-34
dist:fusing
ADDED from src\main\AndroidManifest.xml:12:9-44
	dist:include
		ADDED from src\main\AndroidManifest.xml:12:22-41
application
ADDED from src\main\AndroidManifest.xml:15:5-19:19
activity#vn.techres.android.weather.setting.ui.activity.CrawlDataNewsActivity
ADDED from src\main\AndroidManifest.xml:16:9-18:40
	android:exported
		ADDED from src\main\AndroidManifest.xml:18:13-37
	android:name
		ADDED from src\main\AndroidManifest.xml:17:13-62
uses-sdk
INJECTED from src\main\AndroidManifest.xml reason: use-sdk injection requested
INJECTED from src\main\AndroidManifest.xml
INJECTED from src\main\AndroidManifest.xml
INJECTED from src\main\AndroidManifest.xml
INJECTED from src\main\AndroidManifest.xml
	android:targetSdkVersion
		INJECTED from src\main\AndroidManifest.xml
		ADDED from src\main\AndroidManifest.xml
		INJECTED from src\main\AndroidManifest.xml
	android:minSdkVersion
		INJECTED from src\main\AndroidManifest.xml
		ADDED from src\main\AndroidManifest.xml
		INJECTED from src\main\AndroidManifest.xml